<?xml version="1.0" encoding="UTF-8"?>
<!-- Generated by org.testng.reporters.JUnitXMLReporter -->
<testsuite hostname="LAKSHAN-JAYATILAKE" ignored="0" name="Test" tests="4" failures="1" timestamp="2020-01-12T20:37:33 IST" time="11.43" errors="0">
  <testcase name="initiate" time="8.555" classname="com.selenium.test.TestSelenium"/>
  <testcase name="enterLoginDetails" time="0.177" classname="com.selenium.test.TestSelenium"/>
  <testcase name="clickSearch" time="1.512" classname="com.selenium.test.TestSelenium"/>
  <testcase name="validateMessage" time="0.04" classname="com.selenium.test.TestSelenium">
    <failure type="java.lang.AssertionError" message="null">
      <![CDATA[java.lang.AssertionError: null
at com.selenium.test.TestSelenium.validateMessage(TestSelenium.java:103)
at java.util.ArrayList.forEach(ArrayList.java:1257)
... Removed 29 stack frames]]>
    </failure>
  </testcase> <!-- validateMessage -->
</testsuite> <!-- Test -->
